Test: InstallSnapshot RPC (3B) ...
  ... Passed --   5.5  3  8652   63
Test: snapshot size is reasonable (3B) ...
  ... Passed --  25.6  3 12631  800
Test: ops complete fast enough (3B) ...
  ... Passed --  32.1  3 16270    0
Test: restarts, snapshots, one client (3B) ...
  ... Passed --  20.3  5 41581  457
Test: restarts, snapshots, many clients (3B) ...
  ... Passed --  22.1  5 169423 8963
Test: unreliable net, snapshots, many clients (3B) ...
  ... Passed --  21.2  5  7043  233
Test: unreliable net, restarts, snapshots, many clients (3B) ...
  ... Passed --  27.8  5  9540  272
Test: unreliable net, restarts, partitions, snapshots, many clients (3B) ...
  ... Passed --  37.7  5 12259  127
Test: unreliable net, restarts, partitions, snapshots, random keys, many clients (3B) ...
  ... Passed --  64.4  7 41504  242
PASS
ok  	6.5840/kvraft	256.672s
