Test: InstallSnapshot RPC (3B) ...
  ... Passed --   6.2  3 10093   63
Test: snapshot size is reasonable (3B) ...
  ... Passed --  25.8  3 14644  800
Test: ops complete fast enough (3B) ...
  ... Passed --  32.0  3 15819    0
Test: restarts, snapshots, one client (3B) ...
  ... Passed --  20.2  5 43979  461
Test: restarts, snapshots, many clients (3B) ...
  ... Passed --  22.3  5 187932 8667
Test: unreliable net, snapshots, many clients (3B) ...
  ... Passed --  25.9  5  7749  256
Test: unreliable net, restarts, snapshots, many clients (3B) ...
  ... Passed --  28.7  5 10275  242
Test: unreliable net, restarts, partitions, snapshots, many clients (3B) ...
  ... Passed --  34.7  5 11804  111
Test: unreliable net, restarts, partitions, snapshots, random keys, many clients (3B) ...
  ... Passed --  60.9  7 43725  203
PASS
ok  	6.5840/kvraft	256.541s
