Test: InstallSnapshot RPC (3B) ...
  ... Passed --   7.3  3 12588   63
Test: snapshot size is reasonable (3B) ...
  ... Passed --  25.7  3 13821  800
Test: ops complete fast enough (3B) ...
  ... Passed --  31.6  3 14821    0
Test: restarts, snapshots, one client (3B) ...
  ... Passed --  20.3  5 45543  465
Test: restarts, snapshots, many clients (3B) ...
  ... Passed --  22.0  5 166003 9116
Test: unreliable net, snapshots, many clients (3B) ...
  ... Passed --  23.4  5  7411  235
Test: unreliable net, restarts, snapshots, many clients (3B) ...
  ... Passed --  29.9  5 10560  208
Test: unreliable net, restarts, partitions, snapshots, many clients (3B) ...
  ... Passed --  33.0  5 10699  143
Test: unreliable net, restarts, partitions, snapshots, random keys, many clients (3B) ...
  ... Passed --  48.0  7 35843  237
PASS
ok  	6.5840/kvraft	241.319s
