Test: InstallSnapshot RPC (3B) ...
  ... Passed --   5.5  3  9474   63
Test: snapshot size is reasonable (3B) ...
  ... Passed --  25.5  3 12163  800
Test: ops complete fast enough (3B) ...
  ... Passed --  31.8  3 14460    0
Test: restarts, snapshots, one client (3B) ...
  ... Passed --  20.3  5 42557  459
Test: restarts, snapshots, many clients (3B) ...
  ... Passed --  22.2  5 173763 9122
Test: unreliable net, snapshots, many clients (3B) ...
  ... Passed --  24.3  5  7635  293
Test: unreliable net, restarts, snapshots, many clients (3B) ...
  ... Passed --  27.5  5  9775  232
Test: unreliable net, restarts, partitions, snapshots, many clients (3B) ...
  ... Passed --  35.7  5 11470  144
Test: unreliable net, restarts, partitions, snapshots, random keys, many clients (3B) ...
  ... Passed --  59.1  7 36687  223
PASS
ok  	6.5840/kvraft	251.919s
