Test: InstallSnapshot RPC (3B) ...
  ... Passed --   6.5  3 12499   63
Test: snapshot size is reasonable (3B) ...
  ... Passed --  25.6  3 12911  800
Test: ops complete fast enough (3B) ...
  ... Passed --  32.0  3 16742    0
Test: restarts, snapshots, one client (3B) ...
  ... Passed --  20.4  5 44108  464
Test: restarts, snapshots, many clients (3B) ...
  ... Passed --  22.3  5 186829 8852
Test: unreliable net, snapshots, many clients (3B) ...
  ... Passed --  26.1  5  7867  274
Test: unreliable net, restarts, snapshots, many clients (3B) ...
  ... Passed --  27.9  5 10081  236
Test: unreliable net, restarts, partitions, snapshots, many clients (3B) ...
  ... Passed --  35.8  5 12304  171
Test: unreliable net, restarts, partitions, snapshots, random keys, many clients (3B) ...
  ... Passed --  64.3  7 45681  195
PASS
ok  	6.5840/kvraft	260.893s
