Test: InstallSnapshot RPC (3B) ...
  ... Passed --   6.5  3  9323   63
Test: snapshot size is reasonable (3B) ...
  ... Passed --  25.4  3 11448  800
Test: ops complete fast enough (3B) ...
  ... Passed --  32.0  3 17148    0
Test: restarts, snapshots, one client (3B) ...
  ... Passed --  20.4  5 42471  459
Test: restarts, snapshots, many clients (3B) ...
  ... Passed --  22.3  5 166230 9024
Test: unreliable net, snapshots, many clients (3B) ...
  ... Passed --  23.0  5  7343  261
Test: unreliable net, restarts, snapshots, many clients (3B) ...
  ... Passed --  29.0  5  9972  256
Test: unreliable net, restarts, partitions, snapshots, many clients (3B) ...
  ... Passed --  35.5  5 12035  105
Test: unreliable net, restarts, partitions, snapshots, random keys, many clients (3B) ...
  ... Passed --  66.8  7 36433  254
PASS
ok  	6.5840/kvraft	260.771s
