Test: InstallSnapshot RPC (3B) ...
  ... Passed --   6.1  3 11698   63
Test: snapshot size is reasonable (3B) ...
  ... Passed --  25.6  3 13173  800
Test: ops complete fast enough (3B) ...
  ... Passed --  31.6  3 12122    0
Test: restarts, snapshots, one client (3B) ...
  ... Passed --  20.2  5 40026  457
Test: restarts, snapshots, many clients (3B) ...
  ... Passed --  22.3  5 174266 9025
Test: unreliable net, snapshots, many clients (3B) ...
  ... Passed --  20.7  5  6804  296
Test: unreliable net, restarts, snapshots, many clients (3B) ...
  ... Passed --  27.8  5  9906  252
Test: unreliable net, restarts, partitions, snapshots, many clients (3B) ...
  ... Passed --  32.6  5 11371  119
Test: unreliable net, restarts, partitions, snapshots, random keys, many clients (3B) ...
  ... Passed --  59.3  7 39601  220
PASS
ok  	6.5840/kvraft	246.172s
