Test: InstallSnapshot RPC (3B) ...
  ... Passed --   6.1  3  8983   63
Test: snapshot size is reasonable (3B) ...
  ... Passed --  25.5  3 11784  800
Test: ops complete fast enough (3B) ...
  ... Passed --  32.0  3 16281    0
Test: restarts, snapshots, one client (3B) ...
  ... Passed --  20.6  5 47203  463
Test: restarts, snapshots, many clients (3B) ...
  ... Passed --  22.2  5 180146 8966
Test: unreliable net, snapshots, many clients (3B) ...
  ... Passed --  24.0  5  7515  246
Test: unreliable net, restarts, snapshots, many clients (3B) ...
  ... Passed --  28.6  5 10307  252
Test: unreliable net, restarts, partitions, snapshots, many clients (3B) ...
  ... Passed --  35.0  5 12610  177
Test: unreliable net, restarts, partitions, snapshots, random keys, many clients (3B) ...
  ... Passed --  68.6  7 45455  220
PASS
ok  	6.5840/kvraft	262.622s
