Test: InstallSnapshot RPC (3B) ...
  ... Passed --   6.2  3 11206   63
Test: snapshot size is reasonable (3B) ...
  ... Passed --  25.5  3 12237  800
Test: ops complete fast enough (3B) ...
  ... Passed --  32.0  3 12815    0
Test: restarts, snapshots, one client (3B) ...
  ... Passed --  20.5  5 49336  462
Test: restarts, snapshots, many clients (3B) ...
  ... Passed --  22.0  5 182300 8840
Test: unreliable net, snapshots, many clients (3B) ...
  ... Passed --  21.6  5  7196  265
Test: unreliable net, restarts, snapshots, many clients (3B) ...
  ... Passed --  30.1  5  9941  240
Test: unreliable net, restarts, partitions, snapshots, many clients (3B) ...
  ... Passed --  36.3  5 12704  116
Test: unreliable net, restarts, partitions, snapshots, random keys, many clients (3B) ...
  ... Passed --  56.4  7 40392  258
PASS
ok  	6.5840/kvraft	250.680s
