Test: InstallSnapshot RPC (3B) ...
  ... Passed --   6.6  3 16357   63
Test: snapshot size is reasonable (3B) ...
  ... Passed --  26.0  3 16742  800
Test: ops complete fast enough (3B) ...
  ... Passed --  31.9  3 16290    0
Test: restarts, snapshots, one client (3B) ...
  ... Passed --  20.5  5 49746  462
Test: restarts, snapshots, many clients (3B) ...
  ... Passed --  22.4  5 182053 9149
Test: unreliable net, snapshots, many clients (3B) ...
  ... Passed --  22.8  5  7401  243
Test: unreliable net, restarts, snapshots, many clients (3B) ...
  ... Passed --  31.7  5 10951  247
Test: unreliable net, restarts, partitions, snapshots, many clients (3B) ...
  ... Passed --  34.9  5 11077  123
Test: unreliable net, restarts, partitions, snapshots, random keys, many clients (3B) ...
  ... Passed --  64.9  7 40309  211
PASS
ok  	6.5840/kvraft	261.576s
