Test: InstallSnapshot RPC (3B) ...
  ... Passed --   6.2  3  8763   63
Test: snapshot size is reasonable (3B) ...
  ... Passed --  25.6  3 14309  800
Test: ops complete fast enough (3B) ...
  ... Passed --  31.9  3 17681    0
Test: restarts, snapshots, one client (3B) ...
  ... Passed --  20.3  5 39577  464
Test: restarts, snapshots, many clients (3B) ...
  ... Passed --  22.2  5 179469 9086
Test: unreliable net, snapshots, many clients (3B) ...
  ... Passed --  23.0  5  7334  258
Test: unreliable net, restarts, snapshots, many clients (3B) ...
  ... Passed --  27.3  5 10107  264
Test: unreliable net, restarts, partitions, snapshots, many clients (3B) ...
  ... Passed --  31.8  5 11405  134
Test: unreliable net, restarts, partitions, snapshots, random keys, many clients (3B) ...
  ... Passed --  58.7  7 44207  250
PASS
ok  	6.5840/kvraft	247.061s
